This file contains any messages produced by compilers while
running configure, to aid debugging if configure makes a mistake.

It was created by opensafdemo configure 0.9, which was
generated by GNU Autoconf 2.69.  Invocation command line was

  $ ./configure 

## --------- ##
## Platform. ##
## --------- ##

hostname = SC-1
uname -m = aarch64
uname -r = 5.10.76-linuxkit
uname -s = Linux
uname -v = #1 SMP PREEMPT Mon Nov 8 11:22:26 UTC 2021

/usr/bin/uname -p = unknown
/bin/uname -X     = unknown

/bin/arch              = unknown
/usr/bin/arch -k       = unknown
/usr/convex/getsysinfo = unknown
/usr/bin/hostinfo      = unknown
/bin/machine           = unknown
/usr/bin/oslevel       = unknown
/bin/universe          = unknown

PATH: /usr/local/sbin
PATH: /usr/local/bin
PATH: /usr/sbin
PATH: /usr/bin
PATH: /sbin
PATH: /bin


## ----------- ##
## Core tests. ##
## ----------- ##

configure:2318: checking build system type
configure:2332: result: aarch64-unknown-linux-gnu
configure:2352: checking host system type
configure:2365: result: aarch64-unknown-linux-gnu
configure:2385: checking target system type
configure:2398: result: aarch64-unknown-linux-gnu
configure:2446: checking for a BSD-compatible install
configure:2514: result: /usr/bin/install -c
configure:2525: checking whether build environment is sane
configure:2580: result: yes
configure:2731: checking for a thread-safe mkdir -p
configure:2770: result: /bin/mkdir -p
configure:2777: checking for gawk
configure:2807: result: no
configure:2777: checking for mawk
configure:2793: found /usr/bin/mawk
configure:2804: result: mawk
configure:2815: checking whether make sets $(MAKE)
configure:2837: result: yes
configure:2866: checking whether make supports nested variables
configure:2883: result: yes
configure:3025: checking for style of include used by make
configure:3053: result: GNU
configure:3124: checking for gcc
configure:3140: found /usr/bin/gcc
configure:3151: result: gcc
configure:3380: checking for C compiler version
configure:3389: gcc --version >&5
gcc (Ubuntu/Linaro 5.4.0-6ubuntu1~16.04.12) 5.4.0 20160609
Copyright (C) 2015 Free Software Foundation, Inc.
This is free software; see the source for copying conditions.  There is NO
warranty; not even for MERCHANTABILITY or FITNESS FOR A PARTICULAR PURPOSE.

configure:3400: $? = 0
configure:3389: gcc -v >&5
Using built-in specs.
COLLECT_GCC=gcc
COLLECT_LTO_WRAPPER=/usr/lib/gcc/aarch64-linux-gnu/5/lto-wrapper
Target: aarch64-linux-gnu
Configured with: ../src/configure -v --with-pkgversion='Ubuntu/Linaro 5.4.0-6ubuntu1~16.04.12' --with-bugurl=file:///usr/share/doc/gcc-5/README.Bugs --enable-languages=c,ada,c++,java,go,d,fortran,objc,obj-c++ --prefix=/usr --program-suffix=-5 --enable-shared --enable-linker-build-id --libexecdir=/usr/lib --without-included-gettext --enable-threads=posix --libdir=/usr/lib --enable-nls --with-sysroot=/ --enable-clocale=gnu --enable-libstdcxx-debug --enable-libstdcxx-time=yes --with-default-libstdcxx-abi=new --enable-gnu-unique-object --disable-libquadmath --enable-plugin --with-system-zlib --disable-browser-plugin --enable-java-awt=gtk --enable-gtk-cairo --with-java-home=/usr/lib/jvm/java-1.5.0-gcj-5-arm64/jre --enable-java-home --with-jvm-root-dir=/usr/lib/jvm/java-1.5.0-gcj-5-arm64 --with-jvm-jar-dir=/usr/lib/jvm-exports/java-1.5.0-gcj-5-arm64 --with-arch-directory=aarch64 --with-ecj-jar=/usr/share/java/eclipse-ecj.jar --enable-multiarch --enable-fix-cortex-a53-843419 --disable-werror --enable-checking=release --build=aarch64-linux-gnu --host=aarch64-linux-gnu --target=aarch64-linux-gnu
Thread model: posix
gcc version 5.4.0 20160609 (Ubuntu/Linaro 5.4.0-6ubuntu1~16.04.12) 
configure:3400: $? = 0
configure:3389: gcc -V >&5
gcc: error: unrecognized command line option '-V'
gcc: fatal error: no input files
compilation terminated.
configure:3400: $? = 1
configure:3389: gcc -qversion >&5
gcc: error: unrecognized command line option '-qversion'
gcc: fatal error: no input files
compilation terminated.
configure:3400: $? = 1
configure:3420: checking whether the C compiler works
configure:3442: gcc    conftest.c  >&5
configure:3446: $? = 0
configure:3494: result: yes
configure:3497: checking for C compiler default output file name
configure:3499: result: a.out
configure:3505: checking for suffix of executables
configure:3512: gcc -o conftest    conftest.c  >&5
configure:3516: $? = 0
configure:3538: result: 
configure:3560: checking whether we are cross compiling
configure:3568: gcc -o conftest    conftest.c  >&5
configure:3572: $? = 0
configure:3579: ./conftest
configure:3583: $? = 0
configure:3598: result: no
configure:3603: checking for suffix of object files
configure:3625: gcc -c   conftest.c >&5
configure:3629: $? = 0
configure:3650: result: o
configure:3654: checking whether we are using the GNU C compiler
configure:3673: gcc -c   conftest.c >&5
configure:3673: $? = 0
configure:3682: result: yes
configure:3691: checking whether gcc accepts -g
configure:3711: gcc -c -g  conftest.c >&5
configure:3711: $? = 0
configure:3752: result: yes
configure:3769: checking for gcc option to accept ISO C89
configure:3832: gcc  -c -g -O2  conftest.c >&5
configure:3832: $? = 0
configure:3845: result: none needed
configure:3870: checking whether gcc understands -c and -o together
configure:3892: gcc -c conftest.c -o conftest2.o
configure:3895: $? = 0
configure:3892: gcc -c conftest.c -o conftest2.o
configure:3895: $? = 0
configure:3907: result: yes
configure:3926: checking dependency style of gcc
configure:4037: result: gcc3
configure:4061: checking for memset
configure:4061: gcc -o conftest -g -O2   conftest.c  >&5
conftest.c:34:6: warning: conflicting types for built-in function 'memset'
 char memset ();
      ^
configure:4061: $? = 0
configure:4061: result: yes
configure:4061: checking for strerror
configure:4061: gcc -o conftest -g -O2   conftest.c  >&5
configure:4061: $? = 0
configure:4061: result: yes
configure:4076: checking how to run the C preprocessor
configure:4107: gcc -E  conftest.c
configure:4107: $? = 0
configure:4121: gcc -E  conftest.c
conftest.c:13:28: fatal error: ac_nonexistent.h: No such file or directory
compilation terminated.
configure:4121: $? = 1
configure: failed program was:
| /* confdefs.h */
| #define PACKAGE_NAME "opensafdemo"
| #define PACKAGE_TARNAME "opensafdemo"
| #define PACKAGE_VERSION "0.9"
| #define PACKAGE_STRING "opensafdemo 0.9"
| #define PACKAGE_BUGREPORT "opensaf-users@lists.sourceforge.net"
| #define PACKAGE_URL ""
| #define PACKAGE "opensafdemo"
| #define VERSION "0.9"
| #define HAVE_MEMSET 1
| #define HAVE_STRERROR 1
| /* end confdefs.h.  */
| #include <ac_nonexistent.h>
configure:4146: result: gcc -E
configure:4166: gcc -E  conftest.c
configure:4166: $? = 0
configure:4180: gcc -E  conftest.c
conftest.c:13:28: fatal error: ac_nonexistent.h: No such file or directory
compilation terminated.
configure:4180: $? = 1
configure: failed program was:
| /* confdefs.h */
| #define PACKAGE_NAME "opensafdemo"
| #define PACKAGE_TARNAME "opensafdemo"
| #define PACKAGE_VERSION "0.9"
| #define PACKAGE_STRING "opensafdemo 0.9"
| #define PACKAGE_BUGREPORT "opensaf-users@lists.sourceforge.net"
| #define PACKAGE_URL ""
| #define PACKAGE "opensafdemo"
| #define VERSION "0.9"
| #define HAVE_MEMSET 1
| #define HAVE_STRERROR 1
| /* end confdefs.h.  */
| #include <ac_nonexistent.h>
configure:4209: checking for grep that handles long lines and -e
configure:4267: result: /bin/grep
configure:4272: checking for egrep
configure:4334: result: /bin/grep -E
configure:4339: checking for ANSI C header files
configure:4359: gcc -c -g -O2  conftest.c >&5
configure:4359: $? = 0
configure:4432: gcc -o conftest -g -O2   conftest.c  >&5
configure:4432: $? = 0
configure:4432: ./conftest
configure:4432: $? = 0
configure:4443: result: yes
configure:4456: checking for sys/types.h
configure:4456: gcc -c -g -O2  conftest.c >&5
configure:4456: $? = 0
configure:4456: result: yes
configure:4456: checking for sys/stat.h
configure:4456: gcc -c -g -O2  conftest.c >&5
configure:4456: $? = 0
configure:4456: result: yes
configure:4456: checking for stdlib.h
configure:4456: gcc -c -g -O2  conftest.c >&5
configure:4456: $? = 0
configure:4456: result: yes
configure:4456: checking for string.h
configure:4456: gcc -c -g -O2  conftest.c >&5
configure:4456: $? = 0
configure:4456: result: yes
configure:4456: checking for memory.h
configure:4456: gcc -c -g -O2  conftest.c >&5
configure:4456: $? = 0
configure:4456: result: yes
configure:4456: checking for strings.h
configure:4456: gcc -c -g -O2  conftest.c >&5
configure:4456: $? = 0
configure:4456: result: yes
configure:4456: checking for inttypes.h
configure:4456: gcc -c -g -O2  conftest.c >&5
configure:4456: $? = 0
configure:4456: result: yes
configure:4456: checking for stdint.h
configure:4456: gcc -c -g -O2  conftest.c >&5
configure:4456: $? = 0
configure:4456: result: yes
configure:4456: checking for unistd.h
configure:4456: gcc -c -g -O2  conftest.c >&5
configure:4456: $? = 0
configure:4456: result: yes
configure:4475: checking for stdlib.h
configure:4475: result: yes
configure:4475: checking for string.h
configure:4475: result: yes
configure:4475: checking syslog.h usability
configure:4475: gcc -c -g -O2  conftest.c >&5
configure:4475: $? = 0
configure:4475: result: yes
configure:4475: checking syslog.h presence
configure:4475: gcc -E  conftest.c
configure:4475: $? = 0
configure:4475: result: yes
configure:4475: checking for syslog.h
configure:4475: result: yes
configure:4475: checking for unistd.h
configure:4475: result: yes
configure:4488: checking for stdlib.h
configure:4488: result: yes
configure:4498: checking for GNU libc compatible malloc
configure:4522: gcc -o conftest -g -O2   conftest.c  >&5
configure:4522: $? = 0
configure:4522: ./conftest
configure:4522: $? = 0
configure:4532: result: yes
configure:4554: checking for pid_t
configure:4554: gcc -c -g -O2  conftest.c >&5
configure:4554: $? = 0
configure:4554: gcc -c -g -O2  conftest.c >&5
conftest.c: In function 'main':
conftest.c:65:20: error: expected expression before ')' token
 if (sizeof ((pid_t)))
                    ^
configure:4554: $? = 1
configure: failed program was:
| /* confdefs.h */
| #define PACKAGE_NAME "opensafdemo"
| #define PACKAGE_TARNAME "opensafdemo"
| #define PACKAGE_VERSION "0.9"
| #define PACKAGE_STRING "opensafdemo 0.9"
| #define PACKAGE_BUGREPORT "opensaf-users@lists.sourceforge.net"
| #define PACKAGE_URL ""
| #define PACKAGE "opensafdemo"
| #define VERSION "0.9"
| #define HAVE_MEMSET 1
| #define HAVE_STRERROR 1
| #define STDC_HEADERS 1
| #define HAVE_SYS_TYPES_H 1
| #define HAVE_SYS_STAT_H 1
| #define HAVE_STDLIB_H 1
| #define HAVE_STRING_H 1
| #define HAVE_MEMORY_H 1
| #define HAVE_STRINGS_H 1
| #define HAVE_INTTYPES_H 1
| #define HAVE_STDINT_H 1
| #define HAVE_UNISTD_H 1
| #define HAVE_STDLIB_H 1
| #define HAVE_STRING_H 1
| #define HAVE_SYSLOG_H 1
| #define HAVE_UNISTD_H 1
| #define HAVE_STDLIB_H 1
| #define HAVE_MALLOC 1
| /* end confdefs.h.  */
| #include <stdio.h>
| #ifdef HAVE_SYS_TYPES_H
| # include <sys/types.h>
| #endif
| #ifdef HAVE_SYS_STAT_H
| # include <sys/stat.h>
| #endif
| #ifdef STDC_HEADERS
| # include <stdlib.h>
| # include <stddef.h>
| #else
| # ifdef HAVE_STDLIB_H
| #  include <stdlib.h>
| # endif
| #endif
| #ifdef HAVE_STRING_H
| # if !defined STDC_HEADERS && defined HAVE_MEMORY_H
| #  include <memory.h>
| # endif
| # include <string.h>
| #endif
| #ifdef HAVE_STRINGS_H
| # include <strings.h>
| #endif
| #ifdef HAVE_INTTYPES_H
| # include <inttypes.h>
| #endif
| #ifdef HAVE_STDINT_H
| # include <stdint.h>
| #endif
| #ifdef HAVE_UNISTD_H
| # include <unistd.h>
| #endif
| int
| main ()
| {
| if (sizeof ((pid_t)))
| 	    return 0;
|   ;
|   return 0;
| }
configure:4554: result: yes
configure:4565: checking for size_t
configure:4565: gcc -c -g -O2  conftest.c >&5
configure:4565: $? = 0
configure:4565: gcc -c -g -O2  conftest.c >&5
conftest.c: In function 'main':
conftest.c:65:21: error: expected expression before ')' token
 if (sizeof ((size_t)))
                     ^
configure:4565: $? = 1
configure: failed program was:
| /* confdefs.h */
| #define PACKAGE_NAME "opensafdemo"
| #define PACKAGE_TARNAME "opensafdemo"
| #define PACKAGE_VERSION "0.9"
| #define PACKAGE_STRING "opensafdemo 0.9"
| #define PACKAGE_BUGREPORT "opensaf-users@lists.sourceforge.net"
| #define PACKAGE_URL ""
| #define PACKAGE "opensafdemo"
| #define VERSION "0.9"
| #define HAVE_MEMSET 1
| #define HAVE_STRERROR 1
| #define STDC_HEADERS 1
| #define HAVE_SYS_TYPES_H 1
| #define HAVE_SYS_STAT_H 1
| #define HAVE_STDLIB_H 1
| #define HAVE_STRING_H 1
| #define HAVE_MEMORY_H 1
| #define HAVE_STRINGS_H 1
| #define HAVE_INTTYPES_H 1
| #define HAVE_STDINT_H 1
| #define HAVE_UNISTD_H 1
| #define HAVE_STDLIB_H 1
| #define HAVE_STRING_H 1
| #define HAVE_SYSLOG_H 1
| #define HAVE_UNISTD_H 1
| #define HAVE_STDLIB_H 1
| #define HAVE_MALLOC 1
| /* end confdefs.h.  */
| #include <stdio.h>
| #ifdef HAVE_SYS_TYPES_H
| # include <sys/types.h>
| #endif
| #ifdef HAVE_SYS_STAT_H
| # include <sys/stat.h>
| #endif
| #ifdef STDC_HEADERS
| # include <stdlib.h>
| # include <stddef.h>
| #else
| # ifdef HAVE_STDLIB_H
| #  include <stdlib.h>
| # endif
| #endif
| #ifdef HAVE_STRING_H
| # if !defined STDC_HEADERS && defined HAVE_MEMORY_H
| #  include <memory.h>
| # endif
| # include <string.h>
| #endif
| #ifdef HAVE_STRINGS_H
| # include <strings.h>
| #endif
| #ifdef HAVE_INTTYPES_H
| # include <inttypes.h>
| #endif
| #ifdef HAVE_STDINT_H
| # include <stdint.h>
| #endif
| #ifdef HAVE_UNISTD_H
| # include <unistd.h>
| #endif
| int
| main ()
| {
| if (sizeof ((size_t)))
| 	    return 0;
|   ;
|   return 0;
| }
configure:4565: result: yes
configure:4634: checking for pkg-config
configure:4652: found /usr/bin/pkg-config
configure:4664: result: /usr/bin/pkg-config
configure:4689: checking pkg-config is at least version 0.9.0
configure:4692: result: yes
configure:4702: checking for SAF_AIS_AMF
configure:4709: $PKG_CONFIG --exists --print-errors "opensaf-amf"
configure:4712: $? = 0
configure:4726: $PKG_CONFIG --exists --print-errors "opensaf-amf"
configure:4729: $? = 0
configure:4787: result: yes
configure:4793: checking for SAF_AIS_CKPT
configure:4800: $PKG_CONFIG --exists --print-errors "opensaf-ckpt"
configure:4803: $? = 0
configure:4817: $PKG_CONFIG --exists --print-errors "opensaf-ckpt"
configure:4820: $? = 0
configure:4878: result: yes
configure:4884: checking for SAF_AIS_EVT
configure:4891: $PKG_CONFIG --exists --print-errors "opensaf-evt"
configure:4894: $? = 0
configure:4908: $PKG_CONFIG --exists --print-errors "opensaf-evt"
configure:4911: $? = 0
configure:4969: result: yes
configure:4975: checking for SAF_AIS_LCK
configure:4982: $PKG_CONFIG --exists --print-errors "opensaf-lck"
configure:4985: $? = 0
configure:4999: $PKG_CONFIG --exists --print-errors "opensaf-lck"
configure:5002: $? = 0
configure:5060: result: yes
configure:5066: checking for SAF_AIS_MSG
configure:5073: $PKG_CONFIG --exists --print-errors "opensaf-msg"
configure:5076: $? = 0
configure:5090: $PKG_CONFIG --exists --print-errors "opensaf-msg"
configure:5093: $? = 0
configure:5151: result: yes
configure:5157: checking for SAF_AIS_SMF
configure:5164: $PKG_CONFIG --exists --print-errors "opensaf-smf"
configure:5167: $? = 0
configure:5181: $PKG_CONFIG --exists --print-errors "opensaf-smf"
configure:5184: $? = 0
configure:5242: result: yes
configure:5362: checking that generated files are newer than configure
configure:5368: result: done
configure:5391: creating ./config.status

## ---------------------- ##
## Running config.status. ##
## ---------------------- ##

This file was extended by opensafdemo config.status 0.9, which was
generated by GNU Autoconf 2.69.  Invocation command line was

  CONFIG_FILES    = 
  CONFIG_HEADERS  = 
  CONFIG_LINKS    = 
  CONFIG_COMMANDS = 
  $ ./config.status 

on SC-1

config.status:901: creating Makefile
config.status:901: creating amf/Makefile
config.status:901: creating amf/non_sa_aware/Makefile
config.status:901: creating amf/sa_aware/Makefile
config.status:901: creating amf/wrapper/Makefile
config.status:901: creating amf/proxy/Makefile
config.status:901: creating cpsv/Makefile
config.status:901: creating cpsv/ckpt_demo/Makefile
config.status:901: creating cpsv/ckpt_track_demo/Makefile
config.status:901: creating edsv/Makefile
config.status:901: creating glsv/Makefile
config.status:901: creating mqsv/Makefile
config.status:901: creating smfsv/Makefile
config.status:901: creating smfsv/campaigns/Makefile
config.status:901: creating config.h
config.status:1130: executing depfiles commands

## ---------------- ##
## Cache variables. ##
## ---------------- ##

ac_cv_build=aarch64-unknown-linux-gnu
ac_cv_c_compiler_gnu=yes
ac_cv_env_CC_set=
ac_cv_env_CC_value=
ac_cv_env_CFLAGS_set=
ac_cv_env_CFLAGS_value=
ac_cv_env_CPPFLAGS_set=
ac_cv_env_CPPFLAGS_value=
ac_cv_env_CPP_set=
ac_cv_env_CPP_value=
ac_cv_env_LDFLAGS_set=
ac_cv_env_LDFLAGS_value=
ac_cv_env_LIBS_set=
ac_cv_env_LIBS_value=
ac_cv_env_PKG_CONFIG_LIBDIR_set=
ac_cv_env_PKG_CONFIG_LIBDIR_value=
ac_cv_env_PKG_CONFIG_PATH_set=
ac_cv_env_PKG_CONFIG_PATH_value=
ac_cv_env_PKG_CONFIG_set=
ac_cv_env_PKG_CONFIG_value=
ac_cv_env_SAF_AIS_AMF_CFLAGS_set=
ac_cv_env_SAF_AIS_AMF_CFLAGS_value=
ac_cv_env_SAF_AIS_AMF_LIBS_set=
ac_cv_env_SAF_AIS_AMF_LIBS_value=
ac_cv_env_SAF_AIS_CKPT_CFLAGS_set=
ac_cv_env_SAF_AIS_CKPT_CFLAGS_value=
ac_cv_env_SAF_AIS_CKPT_LIBS_set=
ac_cv_env_SAF_AIS_CKPT_LIBS_value=
ac_cv_env_SAF_AIS_EVT_CFLAGS_set=
ac_cv_env_SAF_AIS_EVT_CFLAGS_value=
ac_cv_env_SAF_AIS_EVT_LIBS_set=
ac_cv_env_SAF_AIS_EVT_LIBS_value=
ac_cv_env_SAF_AIS_LCK_CFLAGS_set=
ac_cv_env_SAF_AIS_LCK_CFLAGS_value=
ac_cv_env_SAF_AIS_LCK_LIBS_set=
ac_cv_env_SAF_AIS_LCK_LIBS_value=
ac_cv_env_SAF_AIS_MSG_CFLAGS_set=
ac_cv_env_SAF_AIS_MSG_CFLAGS_value=
ac_cv_env_SAF_AIS_MSG_LIBS_set=
ac_cv_env_SAF_AIS_MSG_LIBS_value=
ac_cv_env_SAF_AIS_SMF_CFLAGS_set=
ac_cv_env_SAF_AIS_SMF_CFLAGS_value=
ac_cv_env_SAF_AIS_SMF_LIBS_set=
ac_cv_env_SAF_AIS_SMF_LIBS_value=
ac_cv_env_build_alias_set=
ac_cv_env_build_alias_value=
ac_cv_env_host_alias_set=
ac_cv_env_host_alias_value=
ac_cv_env_target_alias_set=
ac_cv_env_target_alias_value=
ac_cv_func_malloc_0_nonnull=yes
ac_cv_func_memset=yes
ac_cv_func_strerror=yes
ac_cv_header_inttypes_h=yes
ac_cv_header_memory_h=yes
ac_cv_header_stdc=yes
ac_cv_header_stdint_h=yes
ac_cv_header_stdlib_h=yes
ac_cv_header_string_h=yes
ac_cv_header_strings_h=yes
ac_cv_header_sys_stat_h=yes
ac_cv_header_sys_types_h=yes
ac_cv_header_syslog_h=yes
ac_cv_header_unistd_h=yes
ac_cv_host=aarch64-unknown-linux-gnu
ac_cv_objext=o
ac_cv_path_EGREP='/bin/grep -E'
ac_cv_path_GREP=/bin/grep
ac_cv_path_ac_pt_PKG_CONFIG=/usr/bin/pkg-config
ac_cv_path_install='/usr/bin/install -c'
ac_cv_path_mkdir=/bin/mkdir
ac_cv_prog_AWK=mawk
ac_cv_prog_CPP='gcc -E'
ac_cv_prog_ac_ct_CC=gcc
ac_cv_prog_cc_c89=
ac_cv_prog_cc_g=yes
ac_cv_prog_make_make_set=yes
ac_cv_target=aarch64-unknown-linux-gnu
ac_cv_type_pid_t=yes
ac_cv_type_size_t=yes
am_cv_CC_dependencies_compiler_type=gcc3
am_cv_make_support_nested_variables=yes
am_cv_prog_cc_c_o=yes
pkg_cv_SAF_AIS_AMF_CFLAGS=-I/usr/local/include
pkg_cv_SAF_AIS_AMF_LIBS='-L/usr/local/lib -lSaAmf'
pkg_cv_SAF_AIS_CKPT_CFLAGS=-I/usr/local/include
pkg_cv_SAF_AIS_CKPT_LIBS='-L/usr/local/lib -lSaCkpt'
pkg_cv_SAF_AIS_EVT_CFLAGS=-I/usr/local/include
pkg_cv_SAF_AIS_EVT_LIBS='-L/usr/local/lib -lSaEvt'
pkg_cv_SAF_AIS_LCK_CFLAGS=-I/usr/local/include
pkg_cv_SAF_AIS_LCK_LIBS='-L/usr/local/lib -lSaLck'
pkg_cv_SAF_AIS_MSG_CFLAGS=-I/usr/local/include
pkg_cv_SAF_AIS_MSG_LIBS='-L/usr/local/lib -lSaMsg'
pkg_cv_SAF_AIS_SMF_CFLAGS=-I/usr/local/include
pkg_cv_SAF_AIS_SMF_LIBS='-L/usr/local/lib -lSaSmf'

## ----------------- ##
## Output variables. ##
## ----------------- ##

ACLOCAL='${SHELL} /home/opensaf/opensaf-samples/missing aclocal-1.15'
AMDEPBACKSLASH='\'
AMDEP_FALSE='#'
AMDEP_TRUE=''
AMTAR='$${TAR-tar}'
AM_BACKSLASH='\'
AM_DEFAULT_V='$(AM_DEFAULT_VERBOSITY)'
AM_DEFAULT_VERBOSITY='1'
AM_V='$(V)'
AUTOCONF='${SHELL} /home/opensaf/opensaf-samples/missing autoconf'
AUTOHEADER='${SHELL} /home/opensaf/opensaf-samples/missing autoheader'
AUTOMAKE='${SHELL} /home/opensaf/opensaf-samples/missing automake-1.15'
AWK='mawk'
CC='gcc'
CCDEPMODE='depmode=gcc3'
CFLAGS='-g -O2'
CPP='gcc -E'
CPPFLAGS=''
CYGPATH_W='echo'
DEFS='-DHAVE_CONFIG_H'
DEPDIR='.deps'
ECHO_C=''
ECHO_N='-n'
ECHO_T=''
EGREP='/bin/grep -E'
EXEEXT=''
GREP='/bin/grep'
INSTALL_DATA='${INSTALL} -m 644'
INSTALL_PROGRAM='${INSTALL}'
INSTALL_SCRIPT='${INSTALL}'
INSTALL_STRIP_PROGRAM='$(install_sh) -c -s'
LDFLAGS=''
LIBOBJS=''
LIBS=''
LTLIBOBJS=''
MAKEINFO='${SHELL} /home/opensaf/opensaf-samples/missing makeinfo'
MKDIR_P='/bin/mkdir -p'
OBJEXT='o'
PACKAGE='opensafdemo'
PACKAGE_BUGREPORT='opensaf-users@lists.sourceforge.net'
PACKAGE_NAME='opensafdemo'
PACKAGE_STRING='opensafdemo 0.9'
PACKAGE_TARNAME='opensafdemo'
PACKAGE_URL=''
PACKAGE_VERSION='0.9'
PATH_SEPARATOR=':'
PKG_CONFIG='/usr/bin/pkg-config'
PKG_CONFIG_LIBDIR=''
PKG_CONFIG_PATH=''
SAF_AIS_AMF_CFLAGS='-I/usr/local/include'
SAF_AIS_AMF_LIBS='-L/usr/local/lib -lSaAmf'
SAF_AIS_CKPT_CFLAGS='-I/usr/local/include'
SAF_AIS_CKPT_LIBS='-L/usr/local/lib -lSaCkpt'
SAF_AIS_EVT_CFLAGS='-I/usr/local/include'
SAF_AIS_EVT_LIBS='-L/usr/local/lib -lSaEvt'
SAF_AIS_LCK_CFLAGS='-I/usr/local/include'
SAF_AIS_LCK_LIBS='-L/usr/local/lib -lSaLck'
SAF_AIS_MSG_CFLAGS='-I/usr/local/include'
SAF_AIS_MSG_LIBS='-L/usr/local/lib -lSaMsg'
SAF_AIS_SMF_CFLAGS='-I/usr/local/include'
SAF_AIS_SMF_LIBS='-L/usr/local/lib -lSaSmf'
SET_MAKE=''
SHELL='/bin/bash'
STRIP=''
VERSION='0.9'
ac_ct_CC='gcc'
am__EXEEXT_FALSE=''
am__EXEEXT_TRUE='#'
am__fastdepCC_FALSE='#'
am__fastdepCC_TRUE=''
am__include='include'
am__isrc=''
am__leading_dot='.'
am__nodep='_no'
am__quote=''
am__tar='$${TAR-tar} chof - "$$tardir"'
am__untar='$${TAR-tar} xf -'
bindir='${exec_prefix}/bin'
build='aarch64-unknown-linux-gnu'
build_alias=''
build_cpu='aarch64'
build_os='linux-gnu'
build_vendor='unknown'
datadir='${datarootdir}'
datarootdir='${prefix}/share'
docdir='${datarootdir}/doc/${PACKAGE_TARNAME}'
dvidir='${docdir}'
exec_prefix='${prefix}'
host='aarch64-unknown-linux-gnu'
host_alias=''
host_cpu='aarch64'
host_os='linux-gnu'
host_vendor='unknown'
htmldir='${docdir}'
includedir='${prefix}/include'
infodir='${datarootdir}/info'
install_sh='${SHELL} /home/opensaf/opensaf-samples/install-sh'
libdir='${exec_prefix}/lib'
libexecdir='${exec_prefix}/libexec'
localedir='${datarootdir}/locale'
localstatedir='${prefix}/var'
mandir='${datarootdir}/man'
mkdir_p='$(MKDIR_P)'
oldincludedir='/usr/include'
pdfdir='${docdir}'
prefix='/usr/local'
program_transform_name='s,x,x,'
psdir='${docdir}'
runstatedir='${localstatedir}/run'
sbindir='${exec_prefix}/sbin'
sharedstatedir='${prefix}/com'
sysconfdir='${prefix}/etc'
target='aarch64-unknown-linux-gnu'
target_alias=''
target_cpu='aarch64'
target_os='linux-gnu'
target_vendor='unknown'

## ----------- ##
## confdefs.h. ##
## ----------- ##

/* confdefs.h */
#define PACKAGE_NAME "opensafdemo"
#define PACKAGE_TARNAME "opensafdemo"
#define PACKAGE_VERSION "0.9"
#define PACKAGE_STRING "opensafdemo 0.9"
#define PACKAGE_BUGREPORT "opensaf-users@lists.sourceforge.net"
#define PACKAGE_URL ""
#define PACKAGE "opensafdemo"
#define VERSION "0.9"
#define HAVE_MEMSET 1
#define HAVE_STRERROR 1
#define STDC_HEADERS 1
#define HAVE_SYS_TYPES_H 1
#define HAVE_SYS_STAT_H 1
#define HAVE_STDLIB_H 1
#define HAVE_STRING_H 1
#define HAVE_MEMORY_H 1
#define HAVE_STRINGS_H 1
#define HAVE_INTTYPES_H 1
#define HAVE_STDINT_H 1
#define HAVE_UNISTD_H 1
#define HAVE_STDLIB_H 1
#define HAVE_STRING_H 1
#define HAVE_SYSLOG_H 1
#define HAVE_UNISTD_H 1
#define HAVE_STDLIB_H 1
#define HAVE_MALLOC 1

configure: exit 0
